<?xml version="1.0" encoding="UTF-8"?>
<!-- Generated by org.testng.reporters.JUnitReportReporter -->
<testsuite hostname="WMIN26" failures="0" tests="1" name="dd.fleetstudio.Tests.EcommerceTest" time="47.997" errors="0" timestamp="2023-02-16T22:10:26 IST" skipped="0">
  <testcase classname="dd.fleetstudio.Tests.EcommerceTest" name="GreenCartE2E" time="47.997"/>
  <system-out/>
</testsuite> <!-- dd.fleetstudio.Tests.EcommerceTest -->
