<?xml version="1.0" encoding="UTF-8"?>
<!-- Generated by org.testng.reporters.JUnitReportReporter -->
<testsuite hostname="WMIN26" failures="0" tests="1" name="dd.fleetstudio.Tests.LawsuitsPagesTest" time="23.481" errors="0" timestamp="2023-02-17T15:21:33 IST" skipped="0">
  <testcase classname="dd.fleetstudio.Tests.LawsuitsPagesTest" name="Lawsuits" time="23.481"/>
  <system-out/>
</testsuite> <!-- dd.fleetstudio.Tests.LawsuitsPagesTest -->
