<?xml version="1.0" encoding="UTF-8"?>
<!-- Generated by org.testng.reporters.JUnitReportReporter -->
<testsuite hostname="WMIN26" failures="0" tests="1" name="dd.fleetstudio.Tests.LawsuitsPagesTest" time="96.018" errors="0" timestamp="2023-02-19T09:55:39 IST" skipped="0">
  <testcase classname="dd.fleetstudio.Tests.LawsuitsPagesTest" name="Lawsuits" time="96.018"/>
  <system-out/>
</testsuite> <!-- dd.fleetstudio.Tests.LawsuitsPagesTest -->
